::1 - - [06/Apr/2012:05:05:47 -0700] "GET /gitstack/ HTTP/1.1" 404 207
::1 - - [06/Apr/2012:05:05:47 -0700] "GET /favicon.ico HTTP/1.1" 404 209
::1 - - [06/Apr/2012:05:06:10 -0700] "GET /gitstack/ HTTP/1.1" 404 207
::1 - - [06/Apr/2012:05:06:10 -0700] "GET /favicon.ico HTTP/1.1" 404 209
::1 - - [06/Apr/2012:05:06:11 -0700] "GET /gitstack/ HTTP/1.1" 404 207
::1 - - [06/Apr/2012:05:06:11 -0700] "GET /favicon.ico HTTP/1.1" 404 209
::1 - - [06/Apr/2012:05:06:12 -0700] "GET /gitstack/ HTTP/1.1" 404 207
::1 - - [06/Apr/2012:05:06:12 -0700] "GET /favicon.ico HTTP/1.1" 404 209
::1 - - [06/Apr/2012:05:06:12 -0700] "GET /gitstack/ HTTP/1.1" 404 207
::1 - - [06/Apr/2012:05:06:12 -0700] "GET /favicon.ico HTTP/1.1" 404 209
::1 - - [06/Apr/2012:05:06:12 -0700] "GET /gitstack/ HTTP/1.1" 404 207
::1 - - [06/Apr/2012:05:06:12 -0700] "GET /favicon.ico HTTP/1.1" 404 209
::1 - - [06/Apr/2012:05:06:17 -0700] "GET / HTTP/1.1" 404 198
::1 - - [06/Apr/2012:05:06:17 -0700] "GET /favicon.ico HTTP/1.1" 404 209
::1 - - [06/Apr/2012:05:07:02 -0700] "GET /gitstack/ HTTP/1.1" 404 207
::1 - - [06/Apr/2012:05:07:03 -0700] "GET /favicon.ico HTTP/1.1" 404 209
::1 - - [06/Apr/2012:05:07:39 -0700] "GET /gitstack HTTP/1.1" 404 206
::1 - - [06/Apr/2012:05:07:39 -0700] "GET /favicon.ico HTTP/1.1" 404 209
::1 - - [06/Apr/2012:05:08:39 -0700] "GET /gitstack HTTP/1.1" 404 206
::1 - - [06/Apr/2012:05:08:39 -0700] "GET /favicon.ico HTTP/1.1" 404 209
::1 - - [06/Apr/2012:05:08:41 -0700] "GET /gitstack/ HTTP/1.1" 404 207
::1 - - [06/Apr/2012:05:08:41 -0700] "GET /favicon.ico HTTP/1.1" 404 209
::1 - - [06/Apr/2012:05:08:49 -0700] "GET /gitstack/ HTTP/1.1" 200 8290
::1 - - [06/Apr/2012:05:08:49 -0700] "GET /static/css/reset.css HTTP/1.1" 404 218
::1 - - [06/Apr/2012:05:08:49 -0700] "GET /static/css/style.css HTTP/1.1" 404 218
::1 - - [06/Apr/2012:05:08:49 -0700] "GET /static/css/invalid.css HTTP/1.1" 404 220
::1 - - [06/Apr/2012:05:08:49 -0700] "GET /static/css/app.css HTTP/1.1" 404 216
::1 - - [06/Apr/2012:05:08:49 -0700] "GET /static/js/jquery.min.js HTTP/1.1" 404 221
::1 - - [06/Apr/2012:05:08:49 -0700] "GET /static/js/simpla.jquery.configuration.js HTTP/1.1" 404 238
::1 - - [06/Apr/2012:05:08:49 -0700] "GET /static/js/facebox.js HTTP/1.1" 404 218
::1 - - [06/Apr/2012:05:08:49 -0700] "GET /static/js/repositories.js HTTP/1.1" 200 6161
::1 - - [06/Apr/2012:05:08:49 -0700] "GET /static/css/blue.css HTTP/1.1" 404 217
::1 - - [06/Apr/2012:05:08:49 -0700] "GET /static/css/redmond/jquery-ui.custom.css HTTP/1.1" 404 237
::1 - - [06/Apr/2012:05:08:49 -0700] "GET /static/css/custom.css HTTP/1.1" 404 219
::1 - - [06/Apr/2012:05:08:49 -0700] "GET /static/js/jquery-ui.min.js HTTP/1.1" 404 224
::1 - - [06/Apr/2012:05:08:49 -0700] "GET /static/images/logo.png HTTP/1.1" 404 220
::1 - - [06/Apr/2012:05:08:49 -0700] "GET /static/images/icons/cross_grey_small.png HTTP/1.1" 404 238
::1 - - [06/Apr/2012:05:08:49 -0700] "GET /static/js/jquery.wysiwyg.js HTTP/1.1" 404 225
::1 - - [06/Apr/2012:05:08:49 -0700] "GET /favicon.ico HTTP/1.1" 404 2149
::1 - - [06/Apr/2012:05:08:54 -0700] "GET /gitstack/ HTTP/1.1" 200 8290
::1 - - [06/Apr/2012:05:08:54 -0700] "GET /static/css/reset.css HTTP/1.1" 404 218
::1 - - [06/Apr/2012:05:08:54 -0700] "GET /static/css/style.css HTTP/1.1" 404 218
::1 - - [06/Apr/2012:05:08:54 -0700] "GET /static/css/invalid.css HTTP/1.1" 404 220
::1 - - [06/Apr/2012:05:08:54 -0700] "GET /static/css/blue.css HTTP/1.1" 404 217
::1 - - [06/Apr/2012:05:08:54 -0700] "GET /static/css/app.css HTTP/1.1" 404 216
::1 - - [06/Apr/2012:05:08:54 -0700] "GET /static/css/redmond/jquery-ui.custom.css HTTP/1.1" 404 237
::1 - - [06/Apr/2012:05:08:54 -0700] "GET /static/css/custom.css HTTP/1.1" 404 219
::1 - - [06/Apr/2012:05:08:54 -0700] "GET /static/js/jquery.min.js HTTP/1.1" 404 221
::1 - - [06/Apr/2012:05:08:54 -0700] "GET /static/js/jquery-ui.min.js HTTP/1.1" 404 224
::1 - - [06/Apr/2012:05:08:54 -0700] "GET /static/js/simpla.jquery.configuration.js HTTP/1.1" 404 238
::1 - - [06/Apr/2012:05:08:54 -0700] "GET /static/js/facebox.js HTTP/1.1" 404 218
::1 - - [06/Apr/2012:05:08:54 -0700] "GET /static/js/jquery.wysiwyg.js HTTP/1.1" 404 225
::1 - - [06/Apr/2012:05:08:54 -0700] "GET /static/images/logo.png HTTP/1.1" 404 220
::1 - - [06/Apr/2012:05:08:54 -0700] "GET /static/images/icons/cross_grey_small.png HTTP/1.1" 404 238
::1 - - [06/Apr/2012:05:08:54 -0700] "GET /favicon.ico HTTP/1.1" 404 2149
::1 - - [06/Apr/2012:05:09:15 -0700] "GET /static/css/reset.css HTTP/1.1" 200 1079
::1 - - [06/Apr/2012:05:09:15 -0700] "GET /static/css/style.css HTTP/1.1" 200 22007
::1 - - [06/Apr/2012:05:09:15 -0700] "GET /static/css/invalid.css HTTP/1.1" 200 1849
::1 - - [06/Apr/2012:05:09:15 -0700] "GET /static/css/blue.css HTTP/1.1" 200 801
::1 - - [06/Apr/2012:05:09:15 -0700] "GET /static/css/app.css HTTP/1.1" 200 134
::1 - - [06/Apr/2012:05:09:15 -0700] "GET /static/css/redmond/jquery-ui.custom.css HTTP/1.1" 200 33904
::1 - - [06/Apr/2012:05:09:15 -0700] "GET /static/css/custom.css HTTP/1.1" 200 485
::1 - - [06/Apr/2012:05:09:15 -0700] "GET /static/js/simpla.jquery.configuration.js HTTP/1.1" 200 3598
::1 - - [06/Apr/2012:05:09:15 -0700] "GET /static/js/jquery.min.js HTTP/1.1" 200 93871
::1 - - [06/Apr/2012:05:09:15 -0700] "GET /static/js/facebox.js HTTP/1.1" 200 9635
::1 - - [06/Apr/2012:05:09:15 -0700] "GET /static/js/jquery.wysiwyg.js HTTP/1.1" 200 22844
::1 - - [06/Apr/2012:05:09:15 -0700] "GET /static/js/jquery-ui.min.js HTTP/1.1" 200 211257
::1 - - [06/Apr/2012:05:09:15 -0700] "GET /static/images/bg-body.gif HTTP/1.1" 200 21720
::1 - - [06/Apr/2012:05:09:15 -0700] "GET /static/images/logo.png HTTP/1.1" 200 2129
::1 - - [06/Apr/2012:05:09:15 -0700] "GET /static/images/bg-radial-gradient.gif HTTP/1.1" 200 17617
::1 - - [06/Apr/2012:05:09:15 -0700] "GET /static/images/bg-menu-item-current.gif HTTP/1.1" 200 315
::1 - - [06/Apr/2012:05:09:15 -0700] "GET /static/images/bg-menu-item-blue.gif HTTP/1.1" 200 3361
::1 - - [06/Apr/2012:05:09:15 -0700] "GET /static/images/bg-sidebar.gif HTTP/1.1" 200 32792
::1 - - [06/Apr/2012:05:09:15 -0700] "GET /static/images/icons/exclamation.png HTTP/1.1" 200 622
::1 - - [06/Apr/2012:05:09:15 -0700] "GET /static/images/icons/cross_grey_small.png HTTP/1.1" 200 2836
::1 - - [06/Apr/2012:05:09:15 -0700] "GET /static/images/icons/information.png HTTP/1.1" 200 725
::1 - - [06/Apr/2012:05:09:15 -0700] "GET /static/images/icons/tick_circle.png HTTP/1.1" 200 741
::1 - - [06/Apr/2012:05:09:15 -0700] "GET /static/images/icons/cross_circle.png HTTP/1.1" 200 721
::1 - - [06/Apr/2012:05:09:15 -0700] "GET /static/images/bg-content-box.gif HTTP/1.1" 200 126
::1 - - [06/Apr/2012:05:09:15 -0700] "GET /static/images/bg-form-field.gif HTTP/1.1" 200 97
::1 - - [06/Apr/2012:05:09:15 -0700] "GET /static/images/bg-button-blue.gif HTTP/1.1" 200 169
::1 - - [06/Apr/2012:05:09:15 -0700] "GET /rest/repository/?_=1333714155526 HTTP/1.1" 200 95
::1 - - [06/Apr/2012:05:09:15 -0700] "GET /gitstack/resources/images/closelabel.gif HTTP/1.1" 404 3183
::1 - - [06/Apr/2012:05:09:15 -0700] "GET /gitstack/resources/images/loading.gif HTTP/1.1" 404 3174
::1 - - [06/Apr/2012:05:09:15 -0700] "GET /static/images/tl.png HTTP/1.1" 200 132
::1 - - [06/Apr/2012:05:09:15 -0700] "GET /static/images/b.png HTTP/1.1" 200 84
::1 - - [06/Apr/2012:05:09:15 -0700] "GET /static/images/tr.png HTTP/1.1" 200 125
::1 - - [06/Apr/2012:05:09:15 -0700] "GET /static/images/bl.png HTTP/1.1" 200 124
::1 - - [06/Apr/2012:05:09:15 -0700] "GET /static/images/br.png HTTP/1.1" 200 124
::1 - - [06/Apr/2012:05:09:14 -0700] "GET /gitstack/ HTTP/1.1" 200 8290
::1 - - [06/Apr/2012:05:09:15 -0700] "GET /static/images/icons/users.png HTTP/1.1" 200 858
::1 - - [06/Apr/2012:05:09:15 -0700] "GET /static/images/icons/cross.png HTTP/1.1" 200 540
::1 - - [06/Apr/2012:05:09:15 -0700] "GET /favicon.ico HTTP/1.1" 404 2149
::1 - - [06/Apr/2012:05:09:28 -0700] "GET /repo1.git/ HTTP/1.1" 401 401
::1 - - [06/Apr/2012:05:09:31 -0700] "GET /favicon.ico HTTP/1.1" 404 2149
::1 - - [06/Apr/2012:05:09:33 -0700] "GET /repo1.git/ HTTP/1.1" 401 401
::1 - - [06/Apr/2012:05:09:45 -0700] "GET /favicon.ico HTTP/1.1" 404 2149
::1 - - [06/Apr/2012:05:09:48 -0700] "GET /rest/repository/?_=1333714189215 HTTP/1.1" 200 95
::1 - - [06/Apr/2012:05:09:48 -0700] "GET /favicon.ico HTTP/1.1" 404 2149
::1 - - [06/Apr/2012:05:09:50 -0700] "GET /gitstack/repository/repo1/user/ HTTP/1.1" 200 6825
::1 - - [06/Apr/2012:05:09:50 -0700] "GET /static/js/repository_users.js HTTP/1.1" 200 5730
::1 - - [06/Apr/2012:05:09:50 -0700] "GET /rest/repository/repo1/user/?_=1333714191258 HTTP/1.1" 200 2
::1 - - [06/Apr/2012:05:09:50 -0700] "GET /gitstack/repository/repo1/user/resources/images/closelabel.gif HTTP/1.1" 404 3249
::1 - - [06/Apr/2012:05:09:50 -0700] "GET /gitstack/repository/repo1/user/resources/images/loading.gif HTTP/1.1" 404 3240
::1 - - [06/Apr/2012:05:09:50 -0700] "GET /static/css/redmond/images/ui-bg_glass_85_dfeffc_1x400.png HTTP/1.1" 200 123
::1 - - [06/Apr/2012:05:09:50 -0700] "GET /favicon.ico HTTP/1.1" 404 2149
::1 - - [06/Apr/2012:05:09:50 -0700] "GET /static/css/redmond/images/ui-bg_glass_75_d0e5f5_1x400.png HTTP/1.1" 200 162
::1 - - [06/Apr/2012:05:09:51 -0700] "GET /static/css/redmond/images/ui-bg_inset-hard_100_f5f8f9_1x100.png HTTP/1.1" 200 104
::1 - - [06/Apr/2012:05:09:51 -0700] "GET /gitstack/repository/repo1/user/add/?_=1333714192065 HTTP/1.1" 200 382
::1 - - [06/Apr/2012:05:09:51 -0700] "GET /static/css/redmond/images/ui-bg_inset-hard_100_fcfdfd_1x100.png HTTP/1.1" 200 88
::1 - - [06/Apr/2012:05:09:51 -0700] "GET /static/css/redmond/images/ui-icons_469bdd_256x240.png HTTP/1.1" 200 4369
::1 - - [06/Apr/2012:05:09:51 -0700] "GET /static/css/redmond/images/ui-bg_gloss-wave_55_5c9ccc_500x100.png HTTP/1.1" 200 3457
::1 - - [06/Apr/2012:05:09:51 -0700] "GET /static/css/redmond/images/ui-icons_d8e7f3_256x240.png HTTP/1.1" 200 4369
::1 - - [06/Apr/2012:05:09:52 -0700] "POST /rest/repository/repo1/user/everyone/ HTTP/1.1" 200 28
::1 - - [06/Apr/2012:05:09:52 -0700] "GET /rest/repository/repo1/user/?_=1333714193371 HTTP/1.1" 200 12
::1 - - [06/Apr/2012:05:09:52 -0700] "GET /rest/repository/repo1/user/everyone/?_=1333714193387 HTTP/1.1" 200 29
::1 - - [06/Apr/2012:05:09:54 -0700] "GET /repo1.git/ HTTP/1.1" 401 401
::1 - - [06/Apr/2012:05:09:57 -0700] "GET /favicon.ico HTTP/1.1" 404 2149
::1 - - [06/Apr/2012:05:09:59 -0700] "GET /gitstack/repository/repo1/user/add/?_=1333714200186 HTTP/1.1" 200 330
::1 - - [06/Apr/2012:05:10:03 -0700] "GET /gitstack/users/ HTTP/1.1" 200 7861
::1 - - [06/Apr/2012:05:10:03 -0700] "GET /static/js/users.js HTTP/1.1" 200 4811
::1 - - [06/Apr/2012:05:10:04 -0700] "GET /rest/user/?_=1333714204235 HTTP/1.1" 200 19
::1 - - [06/Apr/2012:05:10:04 -0700] "GET /static/images/menu-current-arrow.gif HTTP/1.1" 200 59
::1 - - [06/Apr/2012:05:10:04 -0700] "GET /gitstack/users/resources/images/closelabel.gif HTTP/1.1" 200 7861
::1 - - [06/Apr/2012:05:10:04 -0700] "GET /gitstack/users/resources/images/loading.gif HTTP/1.1" 200 7861
::1 - - [06/Apr/2012:05:10:04 -0700] "GET /static/images/icons/pencil.png HTTP/1.1" 200 497
::1 - - [06/Apr/2012:05:10:04 -0700] "GET /favicon.ico HTTP/1.1" 404 2149
::1 - - [06/Apr/2012:05:10:09 -0700] "POST /rest/user/ HTTP/1.1" 200 12
::1 - - [06/Apr/2012:05:10:09 -0700] "GET /rest/user/?_=1333714210106 HTTP/1.1" 200 28
::1 - - [06/Apr/2012:05:10:13 -0700] "GET /repo1.git/ HTTP/1.1" 404 2146
::1 - - [06/Apr/2012:05:10:13 -0700] "GET /favicon.ico HTTP/1.1" 404 2149
::1 - - [06/Apr/2012:05:10:16 -0700] "GET /repo1.git/ HTTP/1.1" 404 2146
::1 - - [06/Apr/2012:05:10:16 -0700] "GET /favicon.ico HTTP/1.1" 404 2149
::1 - - [06/Apr/2012:05:10:22 -0700] "GET /gitstack/ HTTP/1.1" 200 8290
::1 - - [06/Apr/2012:05:10:22 -0700] "GET /rest/repository/?_=1333714222771 HTTP/1.1" 200 215
::1 - - [06/Apr/2012:05:10:22 -0700] "GET /gitstack/resources/images/closelabel.gif HTTP/1.1" 404 3183
::1 - - [06/Apr/2012:05:10:22 -0700] "GET /gitstack/resources/images/loading.gif HTTP/1.1" 404 3174
::1 - - [06/Apr/2012:05:10:22 -0700] "GET /favicon.ico HTTP/1.1" 404 2149
::1 - - [06/Apr/2012:05:10:24 -0700] "GET /gitstack/repository/repo1/user/ HTTP/1.1" 200 6825
::1 - - [06/Apr/2012:05:10:24 -0700] "GET /rest/repository/repo1/user/?_=1333714224523 HTTP/1.1" 200 12
::1 - - [06/Apr/2012:05:10:24 -0700] "GET /gitstack/repository/repo1/user/resources/images/closelabel.gif HTTP/1.1" 404 3249
::1 - - [06/Apr/2012:05:10:24 -0700] "GET /gitstack/repository/repo1/user/resources/images/loading.gif HTTP/1.1" 404 3240
::1 - - [06/Apr/2012:05:10:24 -0700] "GET /rest/repository/repo1/user/everyone/?_=1333714224655 HTTP/1.1" 200 29
::1 - - [06/Apr/2012:05:10:24 -0700] "GET /favicon.ico HTTP/1.1" 404 2149
::1 - - [06/Apr/2012:05:10:25 -0700] "GET /gitstack/repository/repo1/user/add/?_=1333714225483 HTTP/1.1" 200 379
::1 - - [06/Apr/2012:05:10:26 -0700] "POST /rest/repository/repo1/user/user1/ HTTP/1.1" 200 25
::1 - - [06/Apr/2012:05:10:26 -0700] "GET /rest/repository/repo1/user/?_=1333714226565 HTTP/1.1" 200 21
::1 - - [06/Apr/2012:05:10:26 -0700] "GET /rest/repository/repo1/user/everyone/?_=1333714226581 HTTP/1.1" 200 29
::1 - - [06/Apr/2012:05:10:26 -0700] "GET /rest/repository/repo1/user/user1/?_=1333714226597 HTTP/1.1" 200 29
::1 - - [06/Apr/2012:05:10:29 -0700] "GET /repo1.git/ HTTP/1.1" 404 2146
::1 - - [06/Apr/2012:05:10:29 -0700] "GET /favicon.ico HTTP/1.1" 404 2149
::1 - - [06/Apr/2012:05:10:30 -0700] "GET /repo1.git HTTP/1.1" 404 2143
::1 - - [06/Apr/2012:05:10:30 -0700] "GET /favicon.ico HTTP/1.1" 404 2149
::1 - - [06/Apr/2012:05:11:02 -0700] "GET /repo1.git/info/refs HTTP/1.1" 200 -
::1 - - [06/Apr/2012:05:11:02 -0700] "GET /favicon.ico HTTP/1.1" 404 2149
::1 - - [06/Apr/2012:05:11:04 -0700] "GET /repo1.git/info/refs/ HTTP/1.1" 404 2176
::1 - - [06/Apr/2012:05:11:04 -0700] "GET /favicon.ico HTTP/1.1" 404 2149
::1 - - [06/Apr/2012:05:11:07 -0700] "GET /repo1.git/info/refs HTTP/1.1" 200 -
::1 - - [06/Apr/2012:05:11:07 -0700] "GET /favicon.ico HTTP/1.1" 404 2149
::1 - - [06/Apr/2012:05:11:34 -0700] "GET /repo1.git/refs HTTP/1.1" 404 2158
::1 - - [06/Apr/2012:05:11:34 -0700] "GET /favicon.ico HTTP/1.1" 404 2149
::1 - - [06/Apr/2012:05:11:35 -0700] "GET /favicon.ico HTTP/1.1" 404 2149
127.0.0.1 - - [06/Apr/2012:05:11:58 -0700] "GET /repo1.git/info/refs?service=git-upload-pack HTTP/1.1" 200 38
127.0.0.1 - - [06/Apr/2012:05:12:07 -0700] "GET /repo1.git/info/refs?service=git-upload-pack HTTP/1.1" 200 38
127.0.0.1 - - [06/Apr/2012:05:12:32 -0700] "GET /repo1.git/info/refs?service=git-receive-pack HTTP/1.1" 401 401
127.0.0.1 - - [06/Apr/2012:05:12:37 -0700] "GET /repo1.git/info/refs?service=git-receive-pack HTTP/1.1" 401 401
127.0.0.1 - user1 [06/Apr/2012:05:12:37 -0700] "GET /repo1.git/info/refs?service=git-receive-pack HTTP/1.1" 401 401
127.0.0.1 - - [06/Apr/2012:05:12:38 -0700] "GET /repo1.git/info/refs?service=git-receive-pack HTTP/1.1" 401 401
127.0.0.1 - - [06/Apr/2012:05:12:41 -0700] "GET /repo1.git/info/refs?service=git-receive-pack HTTP/1.1" 401 401
127.0.0.1 - user1 [06/Apr/2012:05:12:41 -0700] "GET /repo1.git/info/refs?service=git-receive-pack HTTP/1.1" 200 157
127.0.0.1 - - [06/Apr/2012:05:12:41 -0700] "POST /repo1.git/git-receive-pack HTTP/1.1" 200 52
::1 - - [06/Apr/2012:05:12:52 -0700] "GET /repo1.git/info/refs HTTP/1.1" 200 59
::1 - - [06/Apr/2012:05:12:52 -0700] "GET /favicon.ico HTTP/1.1" 404 2149
::1 - - [06/Apr/2012:05:13:07 -0700] "GET /repo1.git/info/refs HTTP/1.1" 200 59
::1 - - [06/Apr/2012:05:13:07 -0700] "GET /favicon.ico HTTP/1.1" 404 2149
::1 - - [06/Apr/2012:05:13:08 -0700] "GET /repo1.git/info/refs HTTP/1.1" 200 59
::1 - - [06/Apr/2012:05:13:08 -0700] "GET /favicon.ico HTTP/1.1" 404 2149
::1 - - [06/Apr/2012:05:13:08 -0700] "GET /repo1.git/info/refs HTTP/1.1" 200 59
::1 - - [06/Apr/2012:05:13:08 -0700] "GET /favicon.ico HTTP/1.1" 404 2149
::1 - - [06/Apr/2012:05:13:08 -0700] "GET /repo1.git/info/refs HTTP/1.1" 200 59
::1 - - [06/Apr/2012:05:13:08 -0700] "GET /favicon.ico HTTP/1.1" 404 2149
::1 - - [06/Apr/2012:05:13:18 -0700] "DELETE /rest/repository/repo1/user/everyone/ HTTP/1.1" 200 27
::1 - - [06/Apr/2012:05:13:18 -0700] "GET /rest/repository/repo1/user/?_=1333714398765 HTTP/1.1" 200 9
::1 - - [06/Apr/2012:05:13:18 -0700] "GET /rest/repository/repo1/user/user1/?_=1333714398780 HTTP/1.1" 200 29
::1 - - [06/Apr/2012:05:13:20 -0700] "GET /favicon.ico HTTP/1.1" 404 2149
::1 - - [06/Apr/2012:05:13:24 -0700] "GET /repo1.git/info/refs HTTP/1.1" 401 401
::1 - - [06/Apr/2012:05:13:27 -0700] "GET /favicon.ico HTTP/1.1" 404 2149
::1 - - [06/Apr/2012:05:38:42 -0700] "GET /gitstack/repository/repo1/user/ HTTP/1.1" 200 6825
::1 - - [06/Apr/2012:05:38:42 -0700] "GET /rest/repository/repo1/user/?_=1333715923220 HTTP/1.1" 200 9
::1 - - [06/Apr/2012:05:38:42 -0700] "GET /rest/repository/repo1/user/user1/?_=1333715923258 HTTP/1.1" 200 29
::1 - - [06/Apr/2012:05:38:42 -0700] "GET /gitstack/repository/repo1/user/resources/images/closelabel.gif HTTP/1.1" 404 3249
::1 - - [06/Apr/2012:05:38:42 -0700] "GET /gitstack/repository/repo1/user/resources/images/loading.gif HTTP/1.1" 404 3240
::1 - - [06/Apr/2012:05:38:42 -0700] "GET /favicon.ico HTTP/1.1" 404 2149
::1 - - [06/Apr/2012:06:35:01 -0700] "GET /favicon.ico HTTP/1.1" 404 2149
::1 - - [06/Apr/2012:06:35:02 -0700] "GET /repo1.git/info/refs HTTP/1.1" 401 401
::1 - - [06/Apr/2012:06:35:02 -0700] "GET /favicon.ico HTTP/1.1" 404 2149
